<?xml version="1.0" encoding="UTF-8"?>
<!-- Generated by org.testng.reporters.JUnitXMLReporter -->
<testsuite ignored="0" hostname="Hassans-MBP" failures="1" tests="1" name="Surefire test" time="6.608" errors="0" timestamp="2022-02-27T10:50:30 EST">
  <testcase classname="io.cucumber.testng.AbstractTestNGCucumberTests" name="runScenario" time="6.198">
    <failure type="java.lang.AssertionError" message="expected [Welcome to TalentTech] but found [Welcome to TalentTek]">
      <![CDATA[java.lang.AssertionError: expected [Welcome to TalentTech] but found [Welcome to TalentTek]
at pageObject.profilePage.verifyWelcomeTextInProfilePage(profilePage.java:24)
at stepDef.profileStep.iShouldBeAbleToSuccessfullyLogin(profileStep.java:17)
at ✽.I should be able to successfully login(file:///Users/hbhuiyan/Documents/TalentTEK/git/cucumberBDD2022/src/test/java/features/login.feature:9)
... Removed 6 stack frames]]>
    </failure>
  </testcase> <!-- runScenario -->
</testsuite> <!-- Surefire test -->
