<?xml version="1.0" encoding="UTF-8"?>
<testng-results skipped="0" failed="0" ignored="0" total="2" passed="2">
  <reporter-output>
  </reporter-output>
  <suite name="Surefire suite" duration-ms="10062" started-at="2022-03-03T18:54:40 EST" finished-at="2022-03-03T18:54:50 EST">
    <groups>
      <group name="cucumber">
        <method signature="AbstractTestNGCucumberTests.runScenario(io.cucumber.testng.PickleWrapper, io.cucumber.testng.FeatureWrapper)[pri:0, instance:TestRunner@1877ab81]" name="runScenario" class="io.cucumber.testng.AbstractTestNGCucumberTests"/>
      </group> <!-- cucumber -->
    </groups>
    <test name="Surefire test" duration-ms="10062" started-at="2022-03-03T18:54:40 EST" finished-at="2022-03-03T18:54:50 EST">
      <class name="TestRunner">
        <test-method status="PASS" signature="setUpClass()[pri:0, instance:TestRunner@1877ab81]" name="setUpClass" is-config="true" duration-ms="252" started-at="2022-03-03T18:54:40 EST" finished-at="2022-03-03T18:54:41 EST">
          <reporter-output>
          </reporter-output>
        </test-method> <!-- setUpClass -->
        <test-method status="PASS" signature="runScenario(io.cucumber.testng.PickleWrapper, io.cucumber.testng.FeatureWrapper)[pri:0, instance:TestRunner@1877ab81]" name="runScenario" duration-ms="5756" started-at="2022-03-03T18:54:41 EST" description="Runs Cucumber Scenarios" data-provider="scenarios" finished-at="2022-03-03T18:54:46 EST">
          <params>
            <param index="0">
              <value>
                <![CDATA["Login with different sets of data"]]>
              </value>
            </param>
            <param index="1">
              <value>
                <![CDATA["Optional[Login Test]"]]>
              </value>
            </param>
          </params>
          <reporter-output>
          </reporter-output>
        </test-method> <!-- runScenario -->
        <test-method status="PASS" signature="runScenario(io.cucumber.testng.PickleWrapper, io.cucumber.testng.FeatureWrapper)[pri:0, instance:TestRunner@1877ab81]" name="runScenario" duration-ms="3973" started-at="2022-03-03T18:54:46 EST" description="Runs Cucumber Scenarios" data-provider="scenarios" finished-at="2022-03-03T18:54:50 EST">
          <params>
            <param index="0">
              <value>
                <![CDATA["Login with different sets of data"]]>
              </value>
            </param>
            <param index="1">
              <value>
                <![CDATA["Optional[Login Test]"]]>
              </value>
            </param>
          </params>
          <reporter-output>
          </reporter-output>
        </test-method> <!-- runScenario -->
        <test-method status="PASS" signature="tearDownClass()[pri:0, instance:TestRunner@1877ab81]" name="tearDownClass" is-config="true" duration-ms="58" started-at="2022-03-03T18:54:50 EST" finished-at="2022-03-03T18:54:50 EST">
          <reporter-output>
          </reporter-output>
        </test-method> <!-- tearDownClass -->
      </class> <!-- TestRunner -->
    </test> <!-- Surefire test -->
  </suite> <!-- Surefire suite -->
</testng-results>
